[1.029s] Invoking command in '/home/vboxuser/ros2_group_ws/src/project_3': PYTHONPATH=/home/vboxuser/ros2_group_ws/build/project_3/prefix_override:/home/vboxuser/ros2_group_ws/install/project_3/lib/python3.10/site-packages:${PYTHONPATH} /usr/bin/python3 setup.py egg_info --egg-base ../../build/project_3 build --build-base /home/vboxuser/ros2_group_ws/build/project_3/build install --record /home/vboxuser/ros2_group_ws/build/project_3/install.log --single-version-externally-managed
[1.418s] running egg_info
[1.419s] writing ../../build/project_3/project_3.egg-info/PKG-INFO
[1.422s] writing dependency_links to ../../build/project_3/project_3.egg-info/dependency_links.txt
[1.423s] writing entry points to ../../build/project_3/project_3.egg-info/entry_points.txt
[1.423s] writing requirements to ../../build/project_3/project_3.egg-info/requires.txt
[1.423s] writing top-level names to ../../build/project_3/project_3.egg-info/top_level.txt
[1.424s] reading manifest file '../../build/project_3/project_3.egg-info/SOURCES.txt'
[1.426s] writing manifest file '../../build/project_3/project_3.egg-info/SOURCES.txt'
[1.426s] running build
[1.426s] running build_py
[1.427s] running install
[1.429s] running install_lib
[1.429s] running install_data
[1.429s] running install_egg_info
[1.438s] removing '/home/vboxuser/ros2_group_ws/install/project_3/lib/python3.10/site-packages/project_3-0.0.0-py3.10.egg-info' (and everything under it)
[1.438s] Copying ../../build/project_3/project_3.egg-info to /home/vboxuser/ros2_group_ws/install/project_3/lib/python3.10/site-packages/project_3-0.0.0-py3.10.egg-info
[1.438s] running install_scripts
[1.468s] Installing test_node script to /home/vboxuser/ros2_group_ws/install/project_3/lib/project_3
[1.469s] writing list of installed files to '/home/vboxuser/ros2_group_ws/build/project_3/install.log'
[1.550s] Invoked command in '/home/vboxuser/ros2_group_ws/src/project_3' returned '0': PYTHONPATH=/home/vboxuser/ros2_group_ws/build/project_3/prefix_override:/home/vboxuser/ros2_group_ws/install/project_3/lib/python3.10/site-packages:${PYTHONPATH} /usr/bin/python3 setup.py egg_info --egg-base ../../build/project_3 build --build-base /home/vboxuser/ros2_group_ws/build/project_3/build install --record /home/vboxuser/ros2_group_ws/build/project_3/install.log --single-version-externally-managed
