running egg_info
writing ../../build/project_3/project_3.egg-info/PKG-INFO
writing dependency_links to ../../build/project_3/project_3.egg-info/dependency_links.txt
writing entry points to ../../build/project_3/project_3.egg-info/entry_points.txt
writing requirements to ../../build/project_3/project_3.egg-info/requires.txt
writing top-level names to ../../build/project_3/project_3.egg-info/top_level.txt
reading manifest file '../../build/project_3/project_3.egg-info/SOURCES.txt'
writing manifest file '../../build/project_3/project_3.egg-info/SOURCES.txt'
running build
running build_py
copying project_3/my_first_node.py -> /home/vboxuser/ros2_group_ws/build/project_3/build/lib/project_3
running install
running install_lib
copying /home/vboxuser/ros2_group_ws/build/project_3/build/lib/project_3/my_first_node.py -> /home/vboxuser/ros2_group_ws/install/project_3/lib/python3.10/site-packages/project_3
byte-compiling /home/vboxuser/ros2_group_ws/install/project_3/lib/python3.10/site-packages/project_3/my_first_node.py to my_first_node.cpython-310.pyc
running install_data
running install_egg_info
removing '/home/vboxuser/ros2_group_ws/install/project_3/lib/python3.10/site-packages/project_3-0.0.0-py3.10.egg-info' (and everything under it)
Copying ../../build/project_3/project_3.egg-info to /home/vboxuser/ros2_group_ws/install/project_3/lib/python3.10/site-packages/project_3-0.0.0-py3.10.egg-info
running install_scripts
Installing test_node script to /home/vboxuser/ros2_group_ws/install/project_3/lib/project_3
writing list of installed files to '/home/vboxuser/ros2_group_ws/build/project_3/install.log'
