[1.680s] Invoking command in '/home/vboxuser/ros2_group_ws/src/project_3': PYTHONPATH=/home/vboxuser/ros2_group_ws/build/project_3/prefix_override:/home/vboxuser/ros2_group_ws/install/project_3/lib/python3.10/site-packages:${PYTHONPATH} /usr/bin/python3 setup.py egg_info --egg-base ../../build/project_3 build --build-base /home/vboxuser/ros2_group_ws/build/project_3/build install --record /home/vboxuser/ros2_group_ws/build/project_3/install.log --single-version-externally-managed
[2.127s] running egg_info
[2.129s] writing ../../build/project_3/project_3.egg-info/PKG-INFO
[2.130s] writing dependency_links to ../../build/project_3/project_3.egg-info/dependency_links.txt
[2.144s] writing entry points to ../../build/project_3/project_3.egg-info/entry_points.txt
[2.144s] writing requirements to ../../build/project_3/project_3.egg-info/requires.txt
[2.145s] writing top-level names to ../../build/project_3/project_3.egg-info/top_level.txt
[2.149s] reading manifest file '../../build/project_3/project_3.egg-info/SOURCES.txt'
[2.162s] writing manifest file '../../build/project_3/project_3.egg-info/SOURCES.txt'
[2.162s] running build
[2.162s] running build_py
[2.165s] copying project_3/my_first_node.py -> /home/vboxuser/ros2_group_ws/build/project_3/build/lib/project_3
[2.165s] running install
[2.166s] running install_lib
[2.170s] copying /home/vboxuser/ros2_group_ws/build/project_3/build/lib/project_3/my_first_node.py -> /home/vboxuser/ros2_group_ws/install/project_3/lib/python3.10/site-packages/project_3
[2.185s] byte-compiling /home/vboxuser/ros2_group_ws/install/project_3/lib/python3.10/site-packages/project_3/my_first_node.py to my_first_node.cpython-310.pyc
[2.185s] running install_data
[2.185s] running install_egg_info
[2.185s] removing '/home/vboxuser/ros2_group_ws/install/project_3/lib/python3.10/site-packages/project_3-0.0.0-py3.10.egg-info' (and everything under it)
[2.185s] Copying ../../build/project_3/project_3.egg-info to /home/vboxuser/ros2_group_ws/install/project_3/lib/python3.10/site-packages/project_3-0.0.0-py3.10.egg-info
[2.185s] running install_scripts
[2.315s] Installing test_node script to /home/vboxuser/ros2_group_ws/install/project_3/lib/project_3
[2.317s] writing list of installed files to '/home/vboxuser/ros2_group_ws/build/project_3/install.log'
[2.457s] Invoked command in '/home/vboxuser/ros2_group_ws/src/project_3' returned '0': PYTHONPATH=/home/vboxuser/ros2_group_ws/build/project_3/prefix_override:/home/vboxuser/ros2_group_ws/install/project_3/lib/python3.10/site-packages:${PYTHONPATH} /usr/bin/python3 setup.py egg_info --egg-base ../../build/project_3 build --build-base /home/vboxuser/ros2_group_ws/build/project_3/build install --record /home/vboxuser/ros2_group_ws/build/project_3/install.log --single-version-externally-managed
