running egg_info
creating ../../build/project_3/project_3.egg-info
writing ../../build/project_3/project_3.egg-info/PKG-INFO
writing dependency_links to ../../build/project_3/project_3.egg-info/dependency_links.txt
writing entry points to ../../build/project_3/project_3.egg-info/entry_points.txt
writing requirements to ../../build/project_3/project_3.egg-info/requires.txt
writing top-level names to ../../build/project_3/project_3.egg-info/top_level.txt
writing manifest file '../../build/project_3/project_3.egg-info/SOURCES.txt'
reading manifest file '../../build/project_3/project_3.egg-info/SOURCES.txt'
writing manifest file '../../build/project_3/project_3.egg-info/SOURCES.txt'
running build
running build_py
creating /home/vboxuser/ros2_group_ws/build/project_3/build
creating /home/vboxuser/ros2_group_ws/build/project_3/build/lib
creating /home/vboxuser/ros2_group_ws/build/project_3/build/lib/project_3
copying project_3/__init__.py -> /home/vboxuser/ros2_group_ws/build/project_3/build/lib/project_3
running install
running install_lib
creating /home/vboxuser/ros2_group_ws/install/project_3/lib/python3.10/site-packages/project_3
copying /home/vboxuser/ros2_group_ws/build/project_3/build/lib/project_3/__init__.py -> /home/vboxuser/ros2_group_ws/install/project_3/lib/python3.10/site-packages/project_3
byte-compiling /home/vboxuser/ros2_group_ws/install/project_3/lib/python3.10/site-packages/project_3/__init__.py to __init__.cpython-310.pyc
running install_data
creating /home/vboxuser/ros2_group_ws/install/project_3/share/ament_index
creating /home/vboxuser/ros2_group_ws/install/project_3/share/ament_index/resource_index
creating /home/vboxuser/ros2_group_ws/install/project_3/share/ament_index/resource_index/packages
copying resource/project_3 -> /home/vboxuser/ros2_group_ws/install/project_3/share/ament_index/resource_index/packages
copying package.xml -> /home/vboxuser/ros2_group_ws/install/project_3/share/project_3
running install_egg_info
Copying ../../build/project_3/project_3.egg-info to /home/vboxuser/ros2_group_ws/install/project_3/lib/python3.10/site-packages/project_3-0.0.0-py3.10.egg-info
running install_scripts
writing list of installed files to '/home/vboxuser/ros2_group_ws/build/project_3/install.log'
